# JRE version: Java(TM) SE Runtime Environment (19.0.1+10) (build 19.0.1+10-21)
# Java VM: Java HotSpot(TM) 64-Bit Server VM (19.0.1+10-21, mixed mode, sharing, tiered, compressed oops, compressed class ptrs, g1 gc, windows-amd64)
GC Precious Log:
 CardTable entry size: 512
 Card Set container configuration: InlinePtr #cards 4 size 8 Array Of Cards #cards 16 size 48 Howl #buckets 8 coarsen threshold 3686 Howl Bitmap #cards 512 size 80 coarsen threshold 460 Card regions per heap region 1 cards per card region 4096
 CPUs: 16 total, 16 available
 Memory: 15741M
 Large Page Support: Disabled
 NUMA Support: Disabled
 Compressed Oops: Enabled (Zero based)
 Heap Region Size: 2M
 Heap Min Capacity: 8M
 Heap Initial Capacity: 246M
 Heap Max Capacity: 3936M
 Pre-touch: Disabled
 Parallel Workers: 13
 Concurrent Workers: 3
 Concurrent Refinement Workers: 13
 Periodic GC: Disabled
Heap:
 garbage-first heap   total 81920K, used 26346K [0x000000070a000000, 0x0000000800000000)
  region size 2048K, 5 young (10240K), 1 survivors (2048K)
 Metaspace       used 29960K, committed 30400K, reserved 1114112K
  class space    used 3292K, committed 3520K, reserved 1048576K
GC Heap History (14 events):
Event: 0.524 GC heap before
{Heap before GC invocations=0 (full 0):
 garbage-first heap   total 251904K, used 22528K [0x000000070a000000, 0x0000000800000000)
  region size 2048K, 11 young (22528K), 0 survivors (0K)
 Metaspace       used 5275K, committed 5440K, reserved 1114112K
  class space    used 598K, committed 640K, reserved 1048576K
}
Event: 0.530 GC heap after
{Heap after GC invocations=1 (full 0):
 garbage-first heap   total 251904K, used 3690K [0x000000070a000000, 0x0000000800000000)
  region size 2048K, 2 young (4096K), 2 survivors (4096K)
 Metaspace       used 5275K, committed 5440K, reserved 1114112K
  class space    used 598K, committed 640K, reserved 1048576K
}
Event: 1.301 GC heap before
{Heap before GC invocations=1 (full 0):
 garbage-first heap   total 251904K, used 36458K [0x000000070a000000, 0x0000000800000000)
  region size 2048K, 18 young (36864K), 2 survivors (4096K)
 Metaspace       used 10522K, committed 10752K, reserved 1114112K
  class space    used 1231K, committed 1344K, reserved 1048576K
}
Event: 1.306 GC heap after
{Heap after GC invocations=2 (full 0):
 garbage-first heap   total 251904K, used 5720K [0x000000070a000000, 0x0000000800000000)
  region size 2048K, 2 young (4096K), 2 survivors (4096K)
 Metaspace       used 10522K, committed 10752K, reserved 1114112K
  class space    used 1231K, committed 1344K, reserved 1048576K
}
Event: 3.661 GC heap before
{Heap before GC invocations=2 (full 0):
 garbage-first heap   total 251904K, used 183896K [0x000000070a000000, 0x0000000800000000)
  region size 2048K, 73 young (149504K), 2 survivors (4096K)
 Metaspace       used 19116K, committed 19392K, reserved 1114112K
  class space    used 1997K, committed 2112K, reserved 1048576K
}
Event: 3.679 GC heap after
{Heap after GC invocations=3 (full 0):
 garbage-first heap   total 251904K, used 15799K [0x000000070a000000, 0x0000000800000000)
  region size 2048K, 7 young (14336K), 7 survivors (14336K)
 Metaspace       used 19116K, committed 19392K, reserved 1114112K
  class space    used 1997K, committed 2112K, reserved 1048576K
}
Event: 4.247 GC heap before
{Heap before GC invocations=3 (full 0):
 garbage-first heap   total 251904K, used 66999K [0x000000070a000000, 0x0000000800000000)
  region size 2048K, 33 young (67584K), 7 survivors (14336K)
 Metaspace       used 21159K, committed 21504K, reserved 1114112K
  class space    used 2277K, committed 2496K, reserved 1048576K
}
Event: 4.258 GC heap after
{Heap after GC invocations=4 (full 0):
 garbage-first heap   total 251904K, used 20001K [0x000000070a000000, 0x0000000800000000)
  region size 2048K, 3 young (6144K), 3 survivors (6144K)
 Metaspace       used 21159K, committed 21504K, reserved 1114112K
  class space    used 2277K, committed 2496K, reserved 1048576K
}
Event: 4.915 GC heap before
{Heap before GC invocations=5 (full 0):
 garbage-first heap   total 81920K, used 63009K [0x000000070a000000, 0x0000000800000000)
  region size 2048K, 24 young (49152K), 3 survivors (6144K)
 Metaspace       used 27359K, committed 27840K, reserved 1114112K
  class space    used 3013K, committed 3264K, reserved 1048576K
}
Event: 4.920 GC heap after
{Heap after GC invocations=6 (full 0):
 garbage-first heap   total 81920K, used 21996K [0x000000070a000000, 0x0000000800000000)
  region size 2048K, 2 young (4096K), 2 survivors (4096K)
 Metaspace       used 27359K, committed 27840K, reserved 1114112K
  class space    used 3013K, committed 3264K, reserved 1048576K
}
Event: 7.715 GC heap before
{Heap before GC invocations=6 (full 0):
 garbage-first heap   total 81920K, used 24044K [0x000000070a000000, 0x0000000800000000)
  region size 2048K, 3 young (6144K), 2 survivors (4096K)
 Metaspace       used 27781K, committed 28160K, reserved 1114112K
  class space    used 3061K, committed 3264K, reserved 1048576K
}
Event: 7.718 GC heap after
{Heap after GC invocations=7 (full 0):
 garbage-first heap   total 81920K, used 22426K [0x000000070a000000, 0x0000000800000000)
  region size 2048K, 1 young (2048K), 1 survivors (2048K)
 Metaspace       used 27781K, committed 28160K, reserved 1114112K
  class space    used 3061K, committed 3264K, reserved 1048576K
}
Event: 81.743 GC heap before
{Heap before GC invocations=7 (full 0):
 garbage-first heap   total 81920K, used 61338K [0x000000070a000000, 0x0000000800000000)
  region size 2048K, 20 young (40960K), 1 survivors (2048K)
 Metaspace       used 28675K, committed 29120K, reserved 1114112K
  class space    used 3149K, committed 3392K, reserved 1048576K
}
Event: 81.744 GC heap after
{Heap after GC invocations=8 (full 0):
 garbage-first heap   total 81920K, used 22250K [0x000000070a000000, 0x0000000800000000)
  region size 2048K, 1 young (2048K), 1 survivors (2048K)
 Metaspace       used 28675K, committed 29120K, reserved 1114112K
  class space    used 3149K, committed 3392K, reserved 1048576K
}

